<?xml version="1.0" encoding="UTF-8"?>
<testng-results skipped="0" failed="0" total="1" passed="1">
  <reporter-output>
  </reporter-output>
  <suite name="TestScriptFiles" duration-ms="6216" started-at="2016-04-27T10:45:52Z" finished-at="2016-04-27T10:45:58Z">
    <groups>
    </groups>
    <test name="framework" duration-ms="6216" started-at="2016-04-27T10:45:52Z" finished-at="2016-04-27T10:45:58Z">
      <class name="TestScriptFiles.UserScenario">
        <test-method status="PASS" signature="logoutPage()[pri:0, instance:TestScriptFiles.UserScenario@4503dd11]" name="logoutPage" duration-ms="6215" started-at="2016-04-27T16:15:52Z" finished-at="2016-04-27T16:15:58Z">
          <reporter-output>
          </reporter-output>
        </test-method> <!-- logoutPage -->
      </class> <!-- TestScriptFiles.UserScenario -->
    </test> <!-- framework -->
  </suite> <!-- TestScriptFiles -->
</testng-results>
